::1 - - [28/Dec/2022:15:23:38 +0200] "GET / HTTP/1.1" 500 632
::1 - - [28/Dec/2022:15:23:38 +0200] "GET /favicon.ico HTTP/1.1" 404 296
::1 - - [28/Dec/2022:15:28:08 +0200] "GET / HTTP/1.1" 500 632
::1 - - [28/Dec/2022:15:28:13 +0200] "GET / HTTP/1.1" 500 632
::1 - - [28/Dec/2022:15:28:57 +0200] "GET / HTTP/1.1" 200 106
::1 - - [28/Dec/2022:15:33:59 +0200] "-" 408 -
::1 - - [28/Dec/2022:16:26:11 +0200] "GET / HTTP/1.1" 200 106
::1 - - [28/Dec/2022:16:26:35 +0200] "GET / HTTP/1.1" 200 97
::1 - - [28/Dec/2022:16:34:17 +0200] "GET / HTTP/1.1" 200 97
::1 - - [29/Dec/2022:13:15:44 +0200] "GET / HTTP/1.1" 200 97
::1 - - [29/Dec/2022:13:15:44 +0200] "GET /favicon.ico HTTP/1.1" 404 296
::1 - - [29/Dec/2022:13:19:20 +0200] "GET / HTTP/1.1" 200 2549
::1 - - [29/Dec/2022:13:21:14 +0200] "GET / HTTP/1.1" 200 2549
::1 - - [29/Dec/2022:13:39:33 +0200] "GET / HTTP/1.1" 200 4999
::1 - - [29/Dec/2022:14:29:19 +0200] "GET / HTTP/1.1" 200 5051
::1 - - [29/Dec/2022:14:30:12 +0200] "GET / HTTP/1.1" 200 5051
::1 - - [29/Dec/2022:14:34:19 +0200] "GET / HTTP/1.1" 200 5018
::1 - - [29/Dec/2022:14:34:22 +0200] "GET / HTTP/1.1" 200 5018
::1 - - [29/Dec/2022:14:35:26 +0200] "GET / HTTP/1.1" 200 -
::1 - - [29/Dec/2022:14:35:45 +0200] "GET / HTTP/1.1" 200 -
::1 - - [29/Dec/2022:14:35:56 +0200] "GET / HTTP/1.1" 200 5018
::1 - - [29/Dec/2022:14:39:41 +0200] "GET / HTTP/1.1" 200 5240
::1 - - [29/Dec/2022:14:39:42 +0200] "GET / HTTP/1.1" 200 5240
::1 - - [29/Dec/2022:14:41:40 +0200] "GET / HTTP/1.1" 200 5182
::1 - - [29/Dec/2022:14:43:07 +0200] "POST /cgi-bin/hello_get.py HTTP/1.1" 404 296
::1 - - [29/Dec/2022:14:43:21 +0200] "POST /cgi-bin/hello_get.py HTTP/1.1" 404 296
::1 - - [29/Dec/2022:14:44:18 +0200] "POST /cgi-bin/hello_get.py HTTP/1.1" 404 296
::1 - - [29/Dec/2022:14:44:22 +0200] "GET / HTTP/1.1" 200 5157
::1 - - [29/Dec/2022:14:44:27 +0200] "POST /get HTTP/1.1" 404 296
::1 - - [29/Dec/2022:14:45:23 +0200] "POST /get HTTP/1.1" 404 296
::1 - - [29/Dec/2022:14:45:27 +0200] "GET / HTTP/1.1" 200 5157
::1 - - [29/Dec/2022:14:45:34 +0200] "POST /get HTTP/1.1" 404 296
::1 - - [29/Dec/2022:14:46:17 +0200] "GET / HTTP/1.1" 200 5182
::1 - - [29/Dec/2022:14:46:21 +0200] "POST /cgi-bin/hello_get.py HTTP/1.1" 404 296
::1 - - [29/Dec/2022:14:46:51 +0200] "GET / HTTP/1.1" 200 5175
::1 - - [29/Dec/2022:14:46:55 +0200] "POST /cgi-bin/hello_get.py HTTP/1.1" 404 296
::1 - - [29/Dec/2022:14:47:32 +0200] "GET / HTTP/1.1" 200 5135
::1 - - [29/Dec/2022:14:47:34 +0200] "POST /cgi-bin/hello_get.py HTTP/1.1" 404 296
::1 - - [29/Dec/2022:14:48:25 +0200] "GET / HTTP/1.1" 200 5123
::1 - - [29/Dec/2022:14:48:28 +0200] "POST /x=10&y=20 HTTP/1.1" 404 296
::1 - - [29/Dec/2022:14:48:58 +0200] "GET / HTTP/1.1" 200 5123
::1 - - [29/Dec/2022:14:49:00 +0200] "POST /x=10&y=20 HTTP/1.1" 404 296
::1 - - [29/Dec/2022:14:49:13 +0200] "POST /x=10&y=20 HTTP/1.1" 404 296
::1 - - [29/Dec/2022:14:49:19 +0200] "POST /x=10&y=20 HTTP/1.1" 404 296
::1 - - [29/Dec/2022:14:49:23 +0200] "POST /x=10&y=20 HTTP/1.1" 404 296
::1 - - [29/Dec/2022:14:49:27 +0200] "GET / HTTP/1.1" 200 5123
::1 - - [29/Dec/2022:14:49:30 +0200] "POST /x=10&y=20 HTTP/1.1" 404 296
::1 - - [29/Dec/2022:14:49:57 +0200] "POST /x=10&y=20 HTTP/1.1" 404 296
::1 - - [29/Dec/2022:14:55:42 +0200] "GET / HTTP/1.1" 200 5129
::1 - - [29/Dec/2022:14:56:25 +0200] "GET / HTTP/1.1" 200 5137
::1 - - [29/Dec/2022:14:56:54 +0200] "GET / HTTP/1.1" 200 5129
::1 - - [29/Dec/2022:15:01:23 +0200] "GET / HTTP/1.1" 500 632
::1 - - [29/Dec/2022:15:06:23 +0200] "-" 408 -
::1 - - [30/Dec/2022:14:18:56 +0200] "GET /phpmyadmin/ HTTP/1.1" 200 19439
