[Wed Dec 28 15:23:38.096591 2022] [cgi:error] [pid 6276:tid 1908] (OS 2)The system cannot find the file specified.  : [client ::1:49975] couldn't create child process: 720002: index.py
[Wed Dec 28 15:23:38.097586 2022] [cgi:error] [pid 6276:tid 1908] (OS 2)The system cannot find the file specified.  : [client ::1:49975] AH01223: couldn't spawn child process: C:/Users/Lin/Documents/Python/cgi/index.py
[Wed Dec 28 15:28:08.437056 2022] [cgi:error] [pid 6276:tid 1904] (OS 2)The system cannot find the file specified.  : [client ::1:49994] couldn't create child process: 720002: index.py
[Wed Dec 28 15:28:08.437056 2022] [cgi:error] [pid 6276:tid 1904] (OS 2)The system cannot find the file specified.  : [client ::1:49994] AH01223: couldn't spawn child process: C:/Users/Lin/Documents/Python/cgi/index.py
[Wed Dec 28 15:28:13.248583 2022] [cgi:error] [pid 6276:tid 1908] (OS 2)The system cannot find the file specified.  : [client ::1:49995] couldn't create child process: 720002: index.py
[Wed Dec 28 15:28:13.248583 2022] [cgi:error] [pid 6276:tid 1908] (OS 2)The system cannot find the file specified.  : [client ::1:49995] AH01223: couldn't spawn child process: C:/Users/Lin/Documents/Python/cgi/index.py
[Thu Dec 29 14:29:19.704700 2022] [cgi:error] [pid 13544:tid 1872] [client ::1:50562] AH01215: C:\\Users\\Lin\\Documents\\Python\\cgi\\index.py:5: DeprecationWarning: 'cgi' is deprecated and slated for removal in Python 3.13\r: C:/Users/Lin/Documents/Python/cgi/index.py
[Thu Dec 29 14:29:19.705694 2022] [cgi:error] [pid 13544:tid 1872] [client ::1:50562] AH01215:   import cgi, cgitb\r: C:/Users/Lin/Documents/Python/cgi/index.py
[Thu Dec 29 14:29:19.706790 2022] [cgi:error] [pid 13544:tid 1872] [client ::1:50562] AH01215: C:\\Users\\Lin\\Documents\\Python\\cgi\\index.py:5: DeprecationWarning: 'cgitb' is deprecated and slated for removal in Python 3.13\r: C:/Users/Lin/Documents/Python/cgi/index.py
[Thu Dec 29 14:29:19.706790 2022] [cgi:error] [pid 13544:tid 1872] [client ::1:50562] AH01215:   import cgi, cgitb\r: C:/Users/Lin/Documents/Python/cgi/index.py
[Thu Dec 29 14:30:12.696226 2022] [cgi:error] [pid 13544:tid 1864] [client ::1:50563] AH01215: C:\\Users\\Lin\\Documents\\Python\\cgi\\index.py:5: DeprecationWarning: 'cgi' is deprecated and slated for removal in Python 3.13\r: C:/Users/Lin/Documents/Python/cgi/index.py
[Thu Dec 29 14:30:12.696226 2022] [cgi:error] [pid 13544:tid 1864] [client ::1:50563] AH01215:   import cgi, cgitb\r: C:/Users/Lin/Documents/Python/cgi/index.py
[Thu Dec 29 14:30:12.697222 2022] [cgi:error] [pid 13544:tid 1864] [client ::1:50563] AH01215: C:\\Users\\Lin\\Documents\\Python\\cgi\\index.py:5: DeprecationWarning: 'cgitb' is deprecated and slated for removal in Python 3.13\r: C:/Users/Lin/Documents/Python/cgi/index.py
[Thu Dec 29 14:30:12.697222 2022] [cgi:error] [pid 13544:tid 1864] [client ::1:50563] AH01215:   import cgi, cgitb\r: C:/Users/Lin/Documents/Python/cgi/index.py
[Thu Dec 29 14:34:20.238394 2022] [cgi:error] [pid 13544:tid 1872] [client ::1:50654] AH01215: C:\\Users\\Lin\\Documents\\Python\\cgi\\index.py:5: DeprecationWarning: 'cgi' is deprecated and slated for removal in Python 3.13\r: C:/Users/Lin/Documents/Python/cgi/index.py
[Thu Dec 29 14:34:20.238394 2022] [cgi:error] [pid 13544:tid 1872] [client ::1:50654] AH01215:   import cgi, cgitb\r: C:/Users/Lin/Documents/Python/cgi/index.py
[Thu Dec 29 14:34:20.239580 2022] [cgi:error] [pid 13544:tid 1872] [client ::1:50654] AH01215: C:\\Users\\Lin\\Documents\\Python\\cgi\\index.py:5: DeprecationWarning: 'cgitb' is deprecated and slated for removal in Python 3.13\r: C:/Users/Lin/Documents/Python/cgi/index.py
[Thu Dec 29 14:34:20.239580 2022] [cgi:error] [pid 13544:tid 1872] [client ::1:50654] AH01215:   import cgi, cgitb\r: C:/Users/Lin/Documents/Python/cgi/index.py
[Thu Dec 29 14:34:22.386998 2022] [cgi:error] [pid 13544:tid 1864] [client ::1:50655] AH01215: C:\\Users\\Lin\\Documents\\Python\\cgi\\index.py:5: DeprecationWarning: 'cgi' is deprecated and slated for removal in Python 3.13\r: C:/Users/Lin/Documents/Python/cgi/index.py
[Thu Dec 29 14:34:22.386998 2022] [cgi:error] [pid 13544:tid 1864] [client ::1:50655] AH01215:   import cgi, cgitb\r: C:/Users/Lin/Documents/Python/cgi/index.py
[Thu Dec 29 14:34:22.386998 2022] [cgi:error] [pid 13544:tid 1864] [client ::1:50655] AH01215: C:\\Users\\Lin\\Documents\\Python\\cgi\\index.py:5: DeprecationWarning: 'cgitb' is deprecated and slated for removal in Python 3.13\r: C:/Users/Lin/Documents/Python/cgi/index.py
[Thu Dec 29 14:34:22.386998 2022] [cgi:error] [pid 13544:tid 1864] [client ::1:50655] AH01215:   import cgi, cgitb\r: C:/Users/Lin/Documents/Python/cgi/index.py
[Thu Dec 29 14:35:26.939824 2022] [cgi:error] [pid 13544:tid 1872] [client ::1:50666] AH01215: C:\\Users\\Lin\\Documents\\Python\\cgi\\index.py:5: DeprecationWarning: 'cgi' is deprecated and slated for removal in Python 3.13\r: C:/Users/Lin/Documents/Python/cgi/index.py
[Thu Dec 29 14:35:26.939824 2022] [cgi:error] [pid 13544:tid 1872] [client ::1:50666] AH01215:   import cgi, cgitb\r: C:/Users/Lin/Documents/Python/cgi/index.py
[Thu Dec 29 14:35:26.940821 2022] [cgi:error] [pid 13544:tid 1872] [client ::1:50666] AH01215: C:\\Users\\Lin\\Documents\\Python\\cgi\\index.py:5: DeprecationWarning: 'cgitb' is deprecated and slated for removal in Python 3.13\r: C:/Users/Lin/Documents/Python/cgi/index.py
[Thu Dec 29 14:35:26.940821 2022] [cgi:error] [pid 13544:tid 1872] [client ::1:50666] AH01215:   import cgi, cgitb\r: C:/Users/Lin/Documents/Python/cgi/index.py
[Thu Dec 29 14:35:26.940821 2022] [cgi:error] [pid 13544:tid 1872] [client ::1:50666] AH01215: Traceback (most recent call last):\r: C:/Users/Lin/Documents/Python/cgi/index.py
[Thu Dec 29 14:35:26.941815 2022] [cgi:error] [pid 13544:tid 1872] [client ::1:50666] AH01215:   File "C:\\Users\\Lin\\Documents\\Python\\cgi\\index.py", line 30, in <module>\r: C:/Users/Lin/Documents/Python/cgi/index.py
[Thu Dec 29 14:35:26.943531 2022] [cgi:error] [pid 13544:tid 1872] [client ::1:50666] AH01215:     print( html )                         # \\u0434\\u0430\\u043b\\u0456 \\u0456\\u0434\\u0435 \\u0442\\u0456\\u043b\\u043e. \\u0417\\u0430 \\u043d\\u0430\\u044f\\u0432\\u043d\\u043e\\u0441\\u0442\\u0456 \\u0442\\u0456\\u043b\\u0430 \\u0432\\u0438\\u043c\\u0430\\u0433\\u0430\\u0454\\u0442\\u044c\\u0441\\u044f \\u043d\\u0430\\u044f\\u0432\\u043d\\u0456\\u0441\\u0442\\u044c\r: C:/Users/Lin/Documents/Python/cgi/index.py
[Thu Dec 29 14:35:26.943531 2022] [cgi:error] [pid 13544:tid 1872] [client ::1:50666] AH01215:     ^^^^^^^^^^^^^\r: C:/Users/Lin/Documents/Python/cgi/index.py
[Thu Dec 29 14:35:26.944576 2022] [cgi:error] [pid 13544:tid 1872] [client ::1:50666] AH01215:   File "C:\\Users\\Lin\\AppData\\Local\\Programs\\Python\\Python311\\Lib\\encodings\\cp1252.py", line 19, in encode\r: C:/Users/Lin/Documents/Python/cgi/index.py
[Thu Dec 29 14:35:26.944576 2022] [cgi:error] [pid 13544:tid 1872] [client ::1:50666] AH01215:     return codecs.charmap_encode(input,self.errors,encoding_table)[0]\r: C:/Users/Lin/Documents/Python/cgi/index.py
[Thu Dec 29 14:35:26.944576 2022] [cgi:error] [pid 13544:tid 1872] [client ::1:50666] AH01215:            ^^^^^^^^^^^^^^^^^^^^^^^^^^^^^^^^^^^^^^^^^^^^^^^^^^^^^^^\r: C:/Users/Lin/Documents/Python/cgi/index.py
[Thu Dec 29 14:35:26.945550 2022] [cgi:error] [pid 13544:tid 1872] [client ::1:50666] AH01215: UnicodeEncodeError: 'charmap' codec can't encode characters in position 83-85: character maps to <undefined>\r: C:/Users/Lin/Documents/Python/cgi/index.py
[Thu Dec 29 14:35:46.245979 2022] [cgi:error] [pid 13544:tid 1864] [client ::1:50667] AH01215: C:\\Users\\Lin\\Documents\\Python\\cgi\\index.py:5: DeprecationWarning: 'cgi' is deprecated and slated for removal in Python 3.13\r: C:/Users/Lin/Documents/Python/cgi/index.py
[Thu Dec 29 14:35:46.245979 2022] [cgi:error] [pid 13544:tid 1864] [client ::1:50667] AH01215:   import cgi, cgitb\r: C:/Users/Lin/Documents/Python/cgi/index.py
[Thu Dec 29 14:35:46.247004 2022] [cgi:error] [pid 13544:tid 1864] [client ::1:50667] AH01215: C:\\Users\\Lin\\Documents\\Python\\cgi\\index.py:5: DeprecationWarning: 'cgitb' is deprecated and slated for removal in Python 3.13\r: C:/Users/Lin/Documents/Python/cgi/index.py
[Thu Dec 29 14:35:46.247004 2022] [cgi:error] [pid 13544:tid 1864] [client ::1:50667] AH01215:   import cgi, cgitb\r: C:/Users/Lin/Documents/Python/cgi/index.py
[Thu Dec 29 14:35:46.247004 2022] [cgi:error] [pid 13544:tid 1864] [client ::1:50667] AH01215: Traceback (most recent call last):\r: C:/Users/Lin/Documents/Python/cgi/index.py
[Thu Dec 29 14:35:46.247004 2022] [cgi:error] [pid 13544:tid 1864] [client ::1:50667] AH01215:   File "C:\\Users\\Lin\\Documents\\Python\\cgi\\index.py", line 30, in <module>\r: C:/Users/Lin/Documents/Python/cgi/index.py
[Thu Dec 29 14:35:46.247968 2022] [cgi:error] [pid 13544:tid 1864] [client ::1:50667] AH01215:     print( html )                         # \\u0434\\u0430\\u043b\\u0456 \\u0456\\u0434\\u0435 \\u0442\\u0456\\u043b\\u043e. \\u0417\\u0430 \\u043d\\u0430\\u044f\\u0432\\u043d\\u043e\\u0441\\u0442\\u0456 \\u0442\\u0456\\u043b\\u0430 \\u0432\\u0438\\u043c\\u0430\\u0433\\u0430\\u0454\\u0442\\u044c\\u0441\\u044f \\u043d\\u0430\\u044f\\u0432\\u043d\\u0456\\u0441\\u0442\\u044c\r: C:/Users/Lin/Documents/Python/cgi/index.py
[Thu Dec 29 14:35:46.247968 2022] [cgi:error] [pid 13544:tid 1864] [client ::1:50667] AH01215:     ^^^^^^^^^^^^^\r: C:/Users/Lin/Documents/Python/cgi/index.py
[Thu Dec 29 14:35:46.248997 2022] [cgi:error] [pid 13544:tid 1864] [client ::1:50667] AH01215:   File "C:\\Users\\Lin\\AppData\\Local\\Programs\\Python\\Python311\\Lib\\encodings\\cp1252.py", line 19, in encode\r: C:/Users/Lin/Documents/Python/cgi/index.py
[Thu Dec 29 14:35:46.248997 2022] [cgi:error] [pid 13544:tid 1864] [client ::1:50667] AH01215:     return codecs.charmap_encode(input,self.errors,encoding_table)[0]\r: C:/Users/Lin/Documents/Python/cgi/index.py
[Thu Dec 29 14:35:46.248997 2022] [cgi:error] [pid 13544:tid 1864] [client ::1:50667] AH01215:            ^^^^^^^^^^^^^^^^^^^^^^^^^^^^^^^^^^^^^^^^^^^^^^^^^^^^^^^\r: C:/Users/Lin/Documents/Python/cgi/index.py
[Thu Dec 29 14:35:46.248997 2022] [cgi:error] [pid 13544:tid 1864] [client ::1:50667] AH01215: UnicodeEncodeError: 'charmap' codec can't encode characters in position 83-85: character maps to <undefined>\r: C:/Users/Lin/Documents/Python/cgi/index.py
[Thu Dec 29 14:35:56.988537 2022] [cgi:error] [pid 13544:tid 1872] [client ::1:50669] AH01215: C:\\Users\\Lin\\Documents\\Python\\cgi\\index.py:5: DeprecationWarning: 'cgi' is deprecated and slated for removal in Python 3.13\r: C:/Users/Lin/Documents/Python/cgi/index.py
[Thu Dec 29 14:35:56.988537 2022] [cgi:error] [pid 13544:tid 1872] [client ::1:50669] AH01215:   import cgi, cgitb\r: C:/Users/Lin/Documents/Python/cgi/index.py
[Thu Dec 29 14:35:56.989512 2022] [cgi:error] [pid 13544:tid 1872] [client ::1:50669] AH01215: C:\\Users\\Lin\\Documents\\Python\\cgi\\index.py:5: DeprecationWarning: 'cgitb' is deprecated and slated for removal in Python 3.13\r: C:/Users/Lin/Documents/Python/cgi/index.py
[Thu Dec 29 14:35:56.989718 2022] [cgi:error] [pid 13544:tid 1872] [client ::1:50669] AH01215:   import cgi, cgitb\r: C:/Users/Lin/Documents/Python/cgi/index.py
[Thu Dec 29 14:39:41.345693 2022] [cgi:error] [pid 13544:tid 1864] [client ::1:50680] AH01215: C:\\Users\\Lin\\Documents\\Python\\cgi\\index.py:5: DeprecationWarning: 'cgi' is deprecated and slated for removal in Python 3.13\r: C:/Users/Lin/Documents/Python/cgi/index.py
[Thu Dec 29 14:39:41.345693 2022] [cgi:error] [pid 13544:tid 1864] [client ::1:50680] AH01215:   import cgi, cgitb\r: C:/Users/Lin/Documents/Python/cgi/index.py
[Thu Dec 29 14:39:41.346689 2022] [cgi:error] [pid 13544:tid 1864] [client ::1:50680] AH01215: C:\\Users\\Lin\\Documents\\Python\\cgi\\index.py:5: DeprecationWarning: 'cgitb' is deprecated and slated for removal in Python 3.13\r: C:/Users/Lin/Documents/Python/cgi/index.py
[Thu Dec 29 14:39:41.346689 2022] [cgi:error] [pid 13544:tid 1864] [client ::1:50680] AH01215:   import cgi, cgitb\r: C:/Users/Lin/Documents/Python/cgi/index.py
[Thu Dec 29 14:39:43.177879 2022] [cgi:error] [pid 13544:tid 1872] [client ::1:50681] AH01215: C:\\Users\\Lin\\Documents\\Python\\cgi\\index.py:5: DeprecationWarning: 'cgi' is deprecated and slated for removal in Python 3.13\r: C:/Users/Lin/Documents/Python/cgi/index.py
[Thu Dec 29 14:39:43.177879 2022] [cgi:error] [pid 13544:tid 1872] [client ::1:50681] AH01215:   import cgi, cgitb\r: C:/Users/Lin/Documents/Python/cgi/index.py
[Thu Dec 29 14:39:43.177879 2022] [cgi:error] [pid 13544:tid 1872] [client ::1:50681] AH01215: C:\\Users\\Lin\\Documents\\Python\\cgi\\index.py:5: DeprecationWarning: 'cgitb' is deprecated and slated for removal in Python 3.13\r: C:/Users/Lin/Documents/Python/cgi/index.py
[Thu Dec 29 14:39:43.177879 2022] [cgi:error] [pid 13544:tid 1872] [client ::1:50681] AH01215:   import cgi, cgitb\r: C:/Users/Lin/Documents/Python/cgi/index.py
[Thu Dec 29 14:41:40.753326 2022] [cgi:error] [pid 13544:tid 1864] [client ::1:50690] AH01215: C:\\Users\\Lin\\Documents\\Python\\cgi\\index.py:5: DeprecationWarning: 'cgi' is deprecated and slated for removal in Python 3.13\r: C:/Users/Lin/Documents/Python/cgi/index.py
[Thu Dec 29 14:41:40.753326 2022] [cgi:error] [pid 13544:tid 1864] [client ::1:50690] AH01215:   import cgi, cgitb\r: C:/Users/Lin/Documents/Python/cgi/index.py
[Thu Dec 29 14:41:40.754433 2022] [cgi:error] [pid 13544:tid 1864] [client ::1:50690] AH01215: C:\\Users\\Lin\\Documents\\Python\\cgi\\index.py:5: DeprecationWarning: 'cgitb' is deprecated and slated for removal in Python 3.13\r: C:/Users/Lin/Documents/Python/cgi/index.py
[Thu Dec 29 14:41:40.754433 2022] [cgi:error] [pid 13544:tid 1864] [client ::1:50690] AH01215:   import cgi, cgitb\r: C:/Users/Lin/Documents/Python/cgi/index.py
[Thu Dec 29 14:43:07.866511 2022] [cgi:error] [pid 13544:tid 1872] [client ::1:50698] AH02811: script not found or unable to stat: C:/xampp/cgi-bin/hello_get.py, referer: http://py192.loc/
[Thu Dec 29 14:43:21.375335 2022] [cgi:error] [pid 13544:tid 1864] [client ::1:50699] AH02811: script not found or unable to stat: C:/xampp/cgi-bin/hello_get.py, referer: http://py192.loc/
[Thu Dec 29 14:44:18.406727 2022] [cgi:error] [pid 13544:tid 1872] [client ::1:50700] AH02811: script not found or unable to stat: C:/xampp/cgi-bin/hello_get.py, referer: http://py192.loc/
[Thu Dec 29 14:44:22.903907 2022] [cgi:error] [pid 13544:tid 1872] [client ::1:50700] AH01215: C:\\Users\\Lin\\Documents\\Python\\cgi\\index.py:5: DeprecationWarning: 'cgi' is deprecated and slated for removal in Python 3.13\r: C:/Users/Lin/Documents/Python/cgi/index.py
[Thu Dec 29 14:44:22.905064 2022] [cgi:error] [pid 13544:tid 1872] [client ::1:50700] AH01215:   import cgi, cgitb\r: C:/Users/Lin/Documents/Python/cgi/index.py
[Thu Dec 29 14:44:22.905064 2022] [cgi:error] [pid 13544:tid 1872] [client ::1:50700] AH01215: C:\\Users\\Lin\\Documents\\Python\\cgi\\index.py:5: DeprecationWarning: 'cgitb' is deprecated and slated for removal in Python 3.13\r: C:/Users/Lin/Documents/Python/cgi/index.py
[Thu Dec 29 14:44:22.905064 2022] [cgi:error] [pid 13544:tid 1872] [client ::1:50700] AH01215:   import cgi, cgitb\r: C:/Users/Lin/Documents/Python/cgi/index.py
[Thu Dec 29 14:45:27.529270 2022] [cgi:error] [pid 13544:tid 1872] [client ::1:50711] AH01215: C:\\Users\\Lin\\Documents\\Python\\cgi\\index.py:5: DeprecationWarning: 'cgi' is deprecated and slated for removal in Python 3.13\r: C:/Users/Lin/Documents/Python/cgi/index.py
[Thu Dec 29 14:45:27.529270 2022] [cgi:error] [pid 13544:tid 1872] [client ::1:50711] AH01215:   import cgi, cgitb\r: C:/Users/Lin/Documents/Python/cgi/index.py
[Thu Dec 29 14:45:27.530272 2022] [cgi:error] [pid 13544:tid 1872] [client ::1:50711] AH01215: C:\\Users\\Lin\\Documents\\Python\\cgi\\index.py:5: DeprecationWarning: 'cgitb' is deprecated and slated for removal in Python 3.13\r: C:/Users/Lin/Documents/Python/cgi/index.py
[Thu Dec 29 14:45:27.530272 2022] [cgi:error] [pid 13544:tid 1872] [client ::1:50711] AH01215:   import cgi, cgitb\r: C:/Users/Lin/Documents/Python/cgi/index.py
[Thu Dec 29 14:46:17.583775 2022] [cgi:error] [pid 13544:tid 1872] [client ::1:50716] AH01215: C:\\Users\\Lin\\Documents\\Python\\cgi\\index.py:5: DeprecationWarning: 'cgi' is deprecated and slated for removal in Python 3.13\r: C:/Users/Lin/Documents/Python/cgi/index.py
[Thu Dec 29 14:46:17.583775 2022] [cgi:error] [pid 13544:tid 1872] [client ::1:50716] AH01215:   import cgi, cgitb\r: C:/Users/Lin/Documents/Python/cgi/index.py
[Thu Dec 29 14:46:17.584746 2022] [cgi:error] [pid 13544:tid 1872] [client ::1:50716] AH01215: C:\\Users\\Lin\\Documents\\Python\\cgi\\index.py:5: DeprecationWarning: 'cgitb' is deprecated and slated for removal in Python 3.13\r: C:/Users/Lin/Documents/Python/cgi/index.py
[Thu Dec 29 14:46:17.584746 2022] [cgi:error] [pid 13544:tid 1872] [client ::1:50716] AH01215:   import cgi, cgitb\r: C:/Users/Lin/Documents/Python/cgi/index.py
[Thu Dec 29 14:46:21.364102 2022] [cgi:error] [pid 13544:tid 1864] [client ::1:50728] AH02811: script not found or unable to stat: C:/xampp/cgi-bin/hello_get.py, referer: http://py192.loc/
[Thu Dec 29 14:46:51.670689 2022] [cgi:error] [pid 13544:tid 1872] [client ::1:50729] AH01215: C:\\Users\\Lin\\Documents\\Python\\cgi\\index.py:5: DeprecationWarning: 'cgi' is deprecated and slated for removal in Python 3.13\r: C:/Users/Lin/Documents/Python/cgi/index.py
[Thu Dec 29 14:46:51.670689 2022] [cgi:error] [pid 13544:tid 1872] [client ::1:50729] AH01215:   import cgi, cgitb\r: C:/Users/Lin/Documents/Python/cgi/index.py
[Thu Dec 29 14:46:51.671705 2022] [cgi:error] [pid 13544:tid 1872] [client ::1:50729] AH01215: C:\\Users\\Lin\\Documents\\Python\\cgi\\index.py:5: DeprecationWarning: 'cgitb' is deprecated and slated for removal in Python 3.13\r: C:/Users/Lin/Documents/Python/cgi/index.py
[Thu Dec 29 14:46:51.671705 2022] [cgi:error] [pid 13544:tid 1872] [client ::1:50729] AH01215:   import cgi, cgitb\r: C:/Users/Lin/Documents/Python/cgi/index.py
[Thu Dec 29 14:46:55.363431 2022] [cgi:error] [pid 13544:tid 1864] [client ::1:50732] AH02811: script not found or unable to stat: C:/xampp/cgi-bin/hello_get.py, referer: http://py192.loc/
[Thu Dec 29 14:47:32.503021 2022] [cgi:error] [pid 13544:tid 1872] [client ::1:50733] AH01215: C:\\Users\\Lin\\Documents\\Python\\cgi\\index.py:5: DeprecationWarning: 'cgi' is deprecated and slated for removal in Python 3.13\r: C:/Users/Lin/Documents/Python/cgi/index.py
[Thu Dec 29 14:47:32.503021 2022] [cgi:error] [pid 13544:tid 1872] [client ::1:50733] AH01215:   import cgi, cgitb\r: C:/Users/Lin/Documents/Python/cgi/index.py
[Thu Dec 29 14:47:32.504059 2022] [cgi:error] [pid 13544:tid 1872] [client ::1:50733] AH01215: C:\\Users\\Lin\\Documents\\Python\\cgi\\index.py:5: DeprecationWarning: 'cgitb' is deprecated and slated for removal in Python 3.13\r: C:/Users/Lin/Documents/Python/cgi/index.py
[Thu Dec 29 14:47:32.504059 2022] [cgi:error] [pid 13544:tid 1872] [client ::1:50733] AH01215:   import cgi, cgitb\r: C:/Users/Lin/Documents/Python/cgi/index.py
[Thu Dec 29 14:47:34.239638 2022] [cgi:error] [pid 13544:tid 1864] [client ::1:50735] AH02811: script not found or unable to stat: C:/xampp/cgi-bin/hello_get.py, referer: http://py192.loc/
[Thu Dec 29 14:48:25.466338 2022] [cgi:error] [pid 13544:tid 1872] [client ::1:50736] AH01215: C:\\Users\\Lin\\Documents\\Python\\cgi\\index.py:5: DeprecationWarning: 'cgi' is deprecated and slated for removal in Python 3.13\r: C:/Users/Lin/Documents/Python/cgi/index.py
[Thu Dec 29 14:48:25.466338 2022] [cgi:error] [pid 13544:tid 1872] [client ::1:50736] AH01215:   import cgi, cgitb\r: C:/Users/Lin/Documents/Python/cgi/index.py
[Thu Dec 29 14:48:25.467332 2022] [cgi:error] [pid 13544:tid 1872] [client ::1:50736] AH01215: C:\\Users\\Lin\\Documents\\Python\\cgi\\index.py:5: DeprecationWarning: 'cgitb' is deprecated and slated for removal in Python 3.13\r: C:/Users/Lin/Documents/Python/cgi/index.py
[Thu Dec 29 14:48:25.467332 2022] [cgi:error] [pid 13544:tid 1872] [client ::1:50736] AH01215:   import cgi, cgitb\r: C:/Users/Lin/Documents/Python/cgi/index.py
[Thu Dec 29 14:48:58.785939 2022] [cgi:error] [pid 13544:tid 1872] [client ::1:50741] AH01215: C:\\Users\\Lin\\Documents\\Python\\cgi\\index.py:5: DeprecationWarning: 'cgi' is deprecated and slated for removal in Python 3.13\r: C:/Users/Lin/Documents/Python/cgi/index.py
[Thu Dec 29 14:48:58.785939 2022] [cgi:error] [pid 13544:tid 1872] [client ::1:50741] AH01215:   import cgi, cgitb\r: C:/Users/Lin/Documents/Python/cgi/index.py
[Thu Dec 29 14:48:58.786937 2022] [cgi:error] [pid 13544:tid 1872] [client ::1:50741] AH01215: C:\\Users\\Lin\\Documents\\Python\\cgi\\index.py:5: DeprecationWarning: 'cgitb' is deprecated and slated for removal in Python 3.13\r: C:/Users/Lin/Documents/Python/cgi/index.py
[Thu Dec 29 14:48:58.786937 2022] [cgi:error] [pid 13544:tid 1872] [client ::1:50741] AH01215:   import cgi, cgitb\r: C:/Users/Lin/Documents/Python/cgi/index.py
[Thu Dec 29 14:49:27.470958 2022] [cgi:error] [pid 13544:tid 1864] [client ::1:50749] AH01215: C:\\Users\\Lin\\Documents\\Python\\cgi\\index.py:5: DeprecationWarning: 'cgi' is deprecated and slated for removal in Python 3.13\r: C:/Users/Lin/Documents/Python/cgi/index.py
[Thu Dec 29 14:49:27.470958 2022] [cgi:error] [pid 13544:tid 1864] [client ::1:50749] AH01215:   import cgi, cgitb\r: C:/Users/Lin/Documents/Python/cgi/index.py
[Thu Dec 29 14:49:27.471977 2022] [cgi:error] [pid 13544:tid 1864] [client ::1:50749] AH01215: C:\\Users\\Lin\\Documents\\Python\\cgi\\index.py:5: DeprecationWarning: 'cgitb' is deprecated and slated for removal in Python 3.13\r: C:/Users/Lin/Documents/Python/cgi/index.py
[Thu Dec 29 14:49:27.471977 2022] [cgi:error] [pid 13544:tid 1864] [client ::1:50749] AH01215:   import cgi, cgitb\r: C:/Users/Lin/Documents/Python/cgi/index.py
[Thu Dec 29 14:55:42.741157 2022] [cgi:error] [pid 13544:tid 1872] [client ::1:50780] AH01215: C:\\Users\\Lin\\Documents\\Python\\cgi\\index.py:5: DeprecationWarning: 'cgi' is deprecated and slated for removal in Python 3.13\r: C:/Users/Lin/Documents/Python/cgi/index.py
[Thu Dec 29 14:55:42.741157 2022] [cgi:error] [pid 13544:tid 1872] [client ::1:50780] AH01215:   import cgi, cgitb\r: C:/Users/Lin/Documents/Python/cgi/index.py
[Thu Dec 29 14:55:42.742153 2022] [cgi:error] [pid 13544:tid 1872] [client ::1:50780] AH01215: C:\\Users\\Lin\\Documents\\Python\\cgi\\index.py:5: DeprecationWarning: 'cgitb' is deprecated and slated for removal in Python 3.13\r: C:/Users/Lin/Documents/Python/cgi/index.py
[Thu Dec 29 14:55:42.742153 2022] [cgi:error] [pid 13544:tid 1872] [client ::1:50780] AH01215:   import cgi, cgitb\r: C:/Users/Lin/Documents/Python/cgi/index.py
[Thu Dec 29 14:56:25.776696 2022] [cgi:error] [pid 13544:tid 1864] [client ::1:50781] AH01215: C:\\Users\\Lin\\Documents\\Python\\cgi\\index.py:5: DeprecationWarning: 'cgi' is deprecated and slated for removal in Python 3.13\r: C:/Users/Lin/Documents/Python/cgi/index.py
[Thu Dec 29 14:56:25.776696 2022] [cgi:error] [pid 13544:tid 1864] [client ::1:50781] AH01215:   import cgi, cgitb\r: C:/Users/Lin/Documents/Python/cgi/index.py
[Thu Dec 29 14:56:25.776696 2022] [cgi:error] [pid 13544:tid 1864] [client ::1:50781] AH01215: C:\\Users\\Lin\\Documents\\Python\\cgi\\index.py:5: DeprecationWarning: 'cgitb' is deprecated and slated for removal in Python 3.13\r: C:/Users/Lin/Documents/Python/cgi/index.py
[Thu Dec 29 14:56:25.776696 2022] [cgi:error] [pid 13544:tid 1864] [client ::1:50781] AH01215:   import cgi, cgitb\r: C:/Users/Lin/Documents/Python/cgi/index.py
[Thu Dec 29 14:56:54.333629 2022] [cgi:error] [pid 13544:tid 1872] [client ::1:50783] AH01215: C:\\Users\\Lin\\Documents\\Python\\cgi\\index.py:5: DeprecationWarning: 'cgi' is deprecated and slated for removal in Python 3.13\r: C:/Users/Lin/Documents/Python/cgi/index.py
[Thu Dec 29 14:56:54.333629 2022] [cgi:error] [pid 13544:tid 1872] [client ::1:50783] AH01215:   import cgi, cgitb\r: C:/Users/Lin/Documents/Python/cgi/index.py
[Thu Dec 29 14:56:54.333629 2022] [cgi:error] [pid 13544:tid 1872] [client ::1:50783] AH01215: C:\\Users\\Lin\\Documents\\Python\\cgi\\index.py:5: DeprecationWarning: 'cgitb' is deprecated and slated for removal in Python 3.13\r: C:/Users/Lin/Documents/Python/cgi/index.py
[Thu Dec 29 14:56:54.334624 2022] [cgi:error] [pid 13544:tid 1872] [client ::1:50783] AH01215:   import cgi, cgitb\r: C:/Users/Lin/Documents/Python/cgi/index.py
[Thu Dec 29 15:01:23.301237 2022] [cgi:error] [pid 13544:tid 1864] [client ::1:50917] End of script output before headers: index.py
[Thu Dec 29 15:01:23.302284 2022] [cgi:error] [pid 13544:tid 1864] [client ::1:50917] AH01215: C:\\Users\\Lin\\Documents\\Python\\cgi\\index.py:5: DeprecationWarning: 'cgi' is deprecated and slated for removal in Python 3.13\r: C:/Users/Lin/Documents/Python/cgi/index.py
[Thu Dec 29 15:01:23.302284 2022] [cgi:error] [pid 13544:tid 1864] [client ::1:50917] AH01215:   import cgi, cgitb\r: C:/Users/Lin/Documents/Python/cgi/index.py
[Thu Dec 29 15:01:23.302284 2022] [cgi:error] [pid 13544:tid 1864] [client ::1:50917] AH01215: C:\\Users\\Lin\\Documents\\Python\\cgi\\index.py:5: DeprecationWarning: 'cgitb' is deprecated and slated for removal in Python 3.13\r: C:/Users/Lin/Documents/Python/cgi/index.py
[Thu Dec 29 15:01:23.302284 2022] [cgi:error] [pid 13544:tid 1864] [client ::1:50917] AH01215:   import cgi, cgitb\r: C:/Users/Lin/Documents/Python/cgi/index.py
[Thu Dec 29 15:01:23.302284 2022] [cgi:error] [pid 13544:tid 1864] [client ::1:50917] AH01215: Traceback (most recent call last):\r: C:/Users/Lin/Documents/Python/cgi/index.py
[Thu Dec 29 15:01:23.303264 2022] [cgi:error] [pid 13544:tid 1864] [client ::1:50917] AH01215:   File "C:\\Users\\Lin\\Documents\\Python\\cgi\\index.py", line 10, in <module>\r: C:/Users/Lin/Documents/Python/cgi/index.py
[Thu Dec 29 15:01:23.303264 2022] [cgi:error] [pid 13544:tid 1864] [client ::1:50917] AH01215:     os.environ['QUERY_STRING'], os.environ['REMOTE_ADDR'], os.environ['DOCUMENT_ROOT '] }\r: C:/Users/Lin/Documents/Python/cgi/index.py
[Thu Dec 29 15:01:23.303264 2022] [cgi:error] [pid 13544:tid 1864] [client ::1:50917] AH01215:                                                            ~~~~~~~~~~^^^^^^^^^^^^^^^^^^\r: C:/Users/Lin/Documents/Python/cgi/index.py
[Thu Dec 29 15:01:23.303264 2022] [cgi:error] [pid 13544:tid 1864] [client ::1:50917] AH01215:   File "<frozen os>", line 679, in __getitem__\r: C:/Users/Lin/Documents/Python/cgi/index.py
[Thu Dec 29 15:01:23.303264 2022] [cgi:error] [pid 13544:tid 1864] [client ::1:50917] AH01215: KeyError: 'DOCUMENT_ROOT '\r: C:/Users/Lin/Documents/Python/cgi/index.py
